<?xml version="1.0" encoding="utf-8"?><testsuites name="pytest tests"><testsuite name="pytest" errors="0" failures="0" skipped="0" tests="53" time="57.989" timestamp="2026-07-21T20:57:42.253865+00:00" hostname="agent-env-3fba250d-d74e-4146-8399-a036be68443d"><testcase classname="tests.backend_test.TestHealth" name="test_root" time="0.291" /><testcase classname="tests.backend_test.TestAuth" name="test_register_returns_jwt_and_user" time="0.298" /><testcase classname="tests.backend_test.TestAuth" name="test_register_duplicate_email" time="0.068" /><testcase classname="tests.backend_test.TestAuth" name="test_login_valid" time="0.284" /><testcase classname="tests.backend_test.TestAuth" name="test_login_wrong_password" time="0.287" /><testcase classname="tests.backend_test.TestAuth" name="test_me_with_token" time="0.062" /><testcase classname="tests.backend_test.TestAuth" name="test_me_without_token" time="0.060" /><testcase classname="tests.backend_test.TestProfile" name="test_update_profile_sets_onboarded" time="0.132" /><testcase classname="tests.backend_test.TestWeight" name="test_create_and_list_weight_desc" time="0.259" /><testcase classname="tests.backend_test.TestMeals" name="test_create_list_delete_meal" time="0.255" /><testcase classname="tests.backend_test.TestWater" name="test_water_total_ml" time="0.315" /><testcase classname="tests.backend_test.TestDashboard" name="test_dashboard_summary_shape" time="0.184" /><testcase classname="tests.backend_test.TestMealAnalyze" name="test_analyze_real_food_image" time="13.148" /><testcase classname="tests.test_admin.TestAdminAccess" name="test_dashboard_denied_for_non_admin" time="0.309" /><testcase classname="tests.test_admin.TestAdminAccess" name="test_dashboard_allowed_for_admin" time="0.335" /><testcase classname="tests.test_admin.TestAdminUsers" name="test_list_users_returns_paginated" time="0.045" /><testcase classname="tests.test_admin.TestAdminUsers" name="test_search_users" time="0.045" /><testcase classname="tests.test_admin.TestAdminUsers" name="test_grant_premium" time="0.133" /><testcase classname="tests.test_admin.TestAdminAudit" name="test_list_all_audit_events" time="0.044" /><testcase classname="tests.test_admin.TestAdminAudit" name="test_filter_by_event_type" time="0.310" /><testcase classname="tests.test_admin.TestAdminDb" name="test_db_stats_returns_collections" time="0.244" /><testcase classname="tests.test_admin.TestAdminTransactions" name="test_list_transactions" time="0.044" /><testcase classname="tests.test_lgpd.TestSecurityHeaders" name="test_all_headers_present" time="0.292" /><testcase classname="tests.test_lgpd.TestAuditLog" name="test_login_records_audit_event" time="0.310" /><testcase classname="tests.test_lgpd.TestAuditLog" name="test_failed_login_records_warn_event" time="0.531" /><testcase classname="tests.test_lgpd.TestLgpdSummary" name="test_summary_returns_counts" time="0.048" /><testcase classname="tests.test_lgpd.TestLgpdExport" name="test_export_returns_json" time="0.010" /><testcase classname="tests.test_lgpd.TestLgpdExport" name="test_export_creates_audit_event" time="0.053" /><testcase classname="tests.test_lgpd.TestLgpdDeletion" name="test_schedule_and_cancel_deletion" time="0.225" /><testcase classname="tests.test_lgpd.TestLgpdDeletion" name="test_cancel_without_scheduled_fails" time="0.043" /><testcase classname="tests.test_lgpd.TestRateLimiting" name="test_rate_limit_endpoint_reachable" time="0.266" /><testcase classname="tests.test_modules_16_20.TestGamification" name="test_gamification_shape" time="0.453" /><testcase classname="tests.test_modules_16_20.TestGamification" name="test_leaderboard" time="0.114" /><testcase classname="tests.test_modules_16_20.TestCommunity" name="test_create_post" time="0.056" /><testcase classname="tests.test_modules_16_20.TestCommunity" name="test_list_contains" time="0.048" /><testcase classname="tests.test_modules_16_20.TestCommunity" name="test_filter_kind_recipe_excludes_update" time="0.048" /><testcase classname="tests.test_modules_16_20.TestCommunity" name="test_like_toggle" time="0.114" /><testcase classname="tests.test_modules_16_20.TestCommunity" name="test_add_comment" time="0.150" /><testcase classname="tests.test_modules_16_20.TestCommunity" name="test_delete_post" time="0.094" /><testcase classname="tests.test_modules_16_20.TestProfessionalShare" name="test_create_share" time="0.079" /><testcase classname="tests.test_modules_16_20.TestProfessionalShare" name="test_list_shares" time="0.062" /><testcase classname="tests.test_modules_16_20.TestProfessionalShare" name="test_public_report_html_nutritionist" time="0.107" /><testcase classname="tests.test_modules_16_20.TestProfessionalShare" name="test_public_report_personal_no_meals" time="0.242" /><testcase classname="tests.test_modules_16_20.TestProfessionalShare" name="test_public_report_doctor_has_sleep" time="0.333" /><testcase classname="tests.test_modules_16_20.TestProfessionalShare" name="test_legacy_report_route_backward_compat" time="0.230" /><testcase classname="tests.test_modules_16_20.TestProfessionalShare" name="test_report_pdf_all" time="0.879" /><testcase classname="tests.test_modules_16_20.TestProfessionalShare" name="test_report_pdf_nutritionist_filename" time="0.053" /><testcase classname="tests.test_modules_16_20.TestProfessionalShare" name="test_delete_share" time="0.059" /><testcase classname="tests.test_recipes.TestRecipesGating" name="test_no_auth_returns_401" time="0.022" /><testcase classname="tests.test_recipes.TestRecipesGating" name="test_non_premium_returns_402" time="0.314" /><testcase classname="tests.test_recipes.TestRecipesGating" name="test_invalid_meal_type_returns_422" time="0.580" /><testcase classname="tests.test_recipes.TestRecipesHappyPath" name="test_premium_empty_body_defaults" time="20.905" /><testcase classname="tests.test_recipes.TestRecipesHappyPath" name="test_premium_with_restrictions_and_max_calories" time="13.627" /></testsuite></testsuites>